<?xml version="1.0" encoding="UTF-8" ?>
<testsuite tests="25" failures="0" name="Runner.TestRunner" time="0.304" errors="25" skipped="0">
  <properties>
    <property name="idea.version" value="2021.3.2"/>
    <property name="java.runtime.name" value="OpenJDK Runtime Environment"/>
    <property name="java.vm.version" value="11.0.15+9-LTS"/>
    <property name="sun.boot.library.path" value="C:\Users\mmowl\.jdks\corretto-11.0.15\bin"/>
    <property name="maven.multiModuleProjectDirectory" value="C:\Users\mmowl\IdeaProjects\BankApplication"/>
    <property name="java.vm.vendor" value="Amazon.com Inc."/>
    <property name="java.vendor.url" value="https://aws.amazon.com/corretto/"/>
    <property name="guice.disable.misplaced.annotation.check" value="true"/>
    <property name="path.separator" value=";"/>
    <property name="java.vm.name" value="OpenJDK 64-Bit Server VM"/>
    <property name="sun.os.patch.level" value=""/>
    <property name="user.script" value=""/>
    <property name="user.country" value="US"/>
    <property name="sun.java.launcher" value="SUN_STANDARD"/>
    <property name="java.vm.specification.name" value="Java Virtual Machine Specification"/>
    <property name="user.dir" value="C:\Users\mmowl\IdeaProjects\BankApplication"/>
    <property name="java.vm.compressedOopsMode" value="Zero based"/>
    <property name="java.runtime.version" value="11.0.15+9-LTS"/>
    <property name="java.awt.graphicsenv" value="sun.awt.Win32GraphicsEnvironment"/>
    <property name="os.arch" value="amd64"/>
    <property name="java.io.tmpdir" value="C:\Users\mmowl\AppData\Local\Temp\"/>
    <property name="line.separator" value="
"/>
    <property name="java.vm.specification.vendor" value="Oracle Corporation"/>
    <property name="user.variant" value=""/>
    <property name="os.name" value="Windows 10"/>
    <property name="maven.ext.class.path" value="C:\Program Files\JetBrains\IntelliJ IDEA Community Edition 2021.3.2\plugins\maven\lib\maven-event-listener.jar"/>
    <property name="classworlds.conf" value="C:\Program Files\JetBrains\IntelliJ IDEA Community Edition 2021.3.2\plugins\maven\lib\maven3\bin\m2.conf"/>
    <property name="sun.jnu.encoding" value="Cp1252"/>
    <property name="java.library.path" value="C:\Users\mmowl\.jdks\corretto-11.0.15\bin;C:\WINDOWS\Sun\Java\bin;C:\WINDOWS\system32;C:\WINDOWS;C:\Program Files (x86)\Common Files\Oracle\Java\javapath;C:\WINDOWS\system32;C:\WINDOWS;C:\WINDOWS\System32\Wbem;C:\WINDOWS\System32\WindowsPowerShell\v1.0\;C:\WINDOWS\System32\OpenSSH\;C:\Program Files\Java\jdk1.8.0_202\bin;C:\Program Files\Git\cmd;C:\Users\mmowl\AppData\Local\Microsoft\WindowsApps;;C:\Program Files\JetBrains\IntelliJ IDEA Community Edition 2021.3.2\bin;;."/>
    <property name="maven.conf" value="C:\Program Files\JetBrains\IntelliJ IDEA Community Edition 2021.3.2\plugins\maven\lib\maven3/conf"/>
    <property name="jdk.debug" value="release"/>
    <property name="java.class.version" value="55.0"/>
    <property name="java.specification.name" value="Java Platform API Specification"/>
    <property name="sun.management.compiler" value="HotSpot 64-Bit Tiered Compilers"/>
    <property name="os.version" value="10.0"/>
    <property name="user.home" value="C:\Users\mmowl"/>
    <property name="user.timezone" value="America/Chicago"/>
    <property name="java.awt.printerjob" value="sun.awt.windows.WPrinterJob"/>
    <property name="file.encoding" value="UTF-8"/>
    <property name="java.specification.version" value="11"/>
    <property name="user.name" value="mmowl"/>
    <property name="java.class.path" value="C:\Program Files\JetBrains\IntelliJ IDEA Community Edition 2021.3.2\plugins\maven\lib\maven3\boot\plexus-classworlds-2.6.0.jar;C:\Program Files\JetBrains\IntelliJ IDEA Community Edition 2021.3.2\plugins\maven\lib\maven3\boot\plexus-classworlds.license"/>
    <property name="java.vm.specification.version" value="11"/>
    <property name="sun.arch.data.model" value="64"/>
    <property name="sun.java.command" value="org.codehaus.classworlds.Launcher -Didea.version=2021.3.2 install"/>
    <property name="java.home" value="C:\Users\mmowl\.jdks\corretto-11.0.15"/>
    <property name="user.language" value="en"/>
    <property name="java.specification.vendor" value="Oracle Corporation"/>
    <property name="awt.toolkit" value="sun.awt.windows.WToolkit"/>
    <property name="java.vm.info" value="mixed mode"/>
    <property name="java.version" value="11.0.15"/>
    <property name="java.vendor" value="Amazon.com Inc."/>
    <property name="maven.home" value="C:\Program Files\JetBrains\IntelliJ IDEA Community Edition 2021.3.2\plugins\maven\lib\maven3"/>
    <property name="file.separator" value="\"/>
    <property name="java.version.date" value="2022-04-19"/>
    <property name="java.vendor.url.bug" value="https://github.com/corretto/corretto-11/issues/"/>
    <property name="sun.io.unicode.encoding" value="UnicodeLittle"/>
    <property name="sun.cpu.endian" value="little"/>
    <property name="java.vendor.version" value="Corretto-11.0.15.9.1"/>
    <property name="sun.desktop" value="windows"/>
    <property name="sun.cpu.isalist" value="amd64"/>
  </properties>
  <testcase classname="Login feature" name="Verify user is able to login with valid credentials" time="0.128">
    <error message="TODO: implement me" type="io.cucumber.java.PendingException">io.cucumber.java.PendingException: TODO: implement me
	at com.automation.login.user_entered_correct_url(login.java:11)
	at ✽.user entered correct URL(file:///C:/Users/mmowl/IdeaProjects/BankApplication/src/test/resources/features/login.feature:5)
</error>
    <system-out>Before starting method
After the method
</system-out>
  </testcase>
  <testcase classname="Login feature" name="Verify user is not able to login with both invalid credentials" time="0.015">
    <error message="TODO: implement me" type="io.cucumber.java.PendingException">io.cucumber.java.PendingException: TODO: implement me
	at com.automation.login.user_entered_correct_url(login.java:11)
	at ✽.user entered correct URL(file:///C:/Users/mmowl/IdeaProjects/BankApplication/src/test/resources/features/login.feature:5)
</error>
    <system-out>Before starting method
After the method
</system-out>
  </testcase>
  <testcase classname="Login feature" name="Verify user is not able to login with valid username and invalid password" time="0.009">
    <error message="TODO: implement me" type="io.cucumber.java.PendingException">io.cucumber.java.PendingException: TODO: implement me
	at com.automation.login.user_entered_correct_url(login.java:11)
	at ✽.user entered correct URL(file:///C:/Users/mmowl/IdeaProjects/BankApplication/src/test/resources/features/login.feature:5)
</error>
    <system-out>Before starting method
After the method
</system-out>
  </testcase>
  <testcase classname="Login feature" name="Verify user is not able to login with invalid username and valid password" time="0.008">
    <error message="TODO: implement me" type="io.cucumber.java.PendingException">io.cucumber.java.PendingException: TODO: implement me
	at com.automation.login.user_entered_correct_url(login.java:11)
	at ✽.user entered correct URL(file:///C:/Users/mmowl/IdeaProjects/BankApplication/src/test/resources/features/login.feature:5)
</error>
    <system-out>Before starting method
After the method
</system-out>
  </testcase>
  <testcase classname="Login feature" name="verify user is not able to login with blank credentials" time="0.007">
    <error message="TODO: implement me" type="io.cucumber.java.PendingException">io.cucumber.java.PendingException: TODO: implement me
	at com.automation.login.user_entered_correct_url(login.java:11)
	at ✽.user entered correct URL(file:///C:/Users/mmowl/IdeaProjects/BankApplication/src/test/resources/features/login.feature:5)
</error>
    <system-out>Before starting method
After the method
</system-out>
  </testcase>
  <testcase classname="Login feature" name="verify user is locked out after more than 3 unsuccessful attempts" time="0.007">
    <error message="TODO: implement me" type="io.cucumber.java.PendingException">io.cucumber.java.PendingException: TODO: implement me
	at com.automation.login.user_entered_correct_url(login.java:11)
	at ✽.user entered correct URL(file:///C:/Users/mmowl/IdeaProjects/BankApplication/src/test/resources/features/login.feature:5)
</error>
    <system-out>Before starting method
After the method
</system-out>
  </testcase>
  <testcase classname="This feature will allow user to successfully create an account" name="Verify Sign Up Here link redirects the user to the Sign Up page" time="0.013">
    <error message="The step &apos;user is on Homepage&apos; and 2 other step(s) are undefined.
You can implement these steps using the snippet(s) below:

@Given(&quot;user is on Homepage&quot;)
public void user_is_on_homepage() {
    // Write code here that turns the phrase above into concrete actions
    throw new io.cucumber.java.PendingException();
}
@When(&quot;user clicks on sign Up Here link&quot;)
public void user_clicks_on_sign_up_here_link() {
    // Write code here that turns the phrase above into concrete actions
    throw new io.cucumber.java.PendingException();
}
@Then(&quot;verify user is on the registration page&quot;)
public void verify_user_is_on_the_registration_page() {
    // Write code here that turns the phrase above into concrete actions
    throw new io.cucumber.java.PendingException();
}
" type="io.cucumber.junit.UndefinedStepException">io.cucumber.junit.UndefinedStepException: The step &apos;user is on Homepage&apos; and 2 other step(s) are undefined.
You can implement these steps using the snippet(s) below:

@Given(&quot;user is on Homepage&quot;)
public void user_is_on_homepage() {
    // Write code here that turns the phrase above into concrete actions
    throw new io.cucumber.java.PendingException();
}
@When(&quot;user clicks on sign Up Here link&quot;)
public void user_clicks_on_sign_up_here_link() {
    // Write code here that turns the phrase above into concrete actions
    throw new io.cucumber.java.PendingException();
}
@Then(&quot;verify user is on the registration page&quot;)
public void verify_user_is_on_the_registration_page() {
    // Write code here that turns the phrase above into concrete actions
    throw new io.cucumber.java.PendingException();
}

</error>
    <system-out>Before starting method
After the method
</system-out>
  </testcase>
  <testcase classname="This feature will allow user to successfully create an account" name="Verify user is able to choose a proper title from the drop-down window" time="0.007">
    <error message="The step &apos;user is on the Registration page&apos; and 4 other step(s) are undefined.
You can implement these steps using the snippet(s) below:

@Given(&quot;user is on the Registration page&quot;)
public void user_is_on_the_registration_page() {
    // Write code here that turns the phrase above into concrete actions
    throw new io.cucumber.java.PendingException();
}
@When(&quot;user click on Title field&quot;)
public void user_click_on_title_field() {
    // Write code here that turns the phrase above into concrete actions
    throw new io.cucumber.java.PendingException();
}
@Then(&quot;verify user can see the drop-down window with title options&quot;)
public void verify_user_can_see_the_drop_down_window_with_title_options() {
    // Write code here that turns the phrase above into concrete actions
    throw new io.cucumber.java.PendingException();
}
@When(&quot;user clicks on proper selection&quot;)
public void user_clicks_on_proper_selection() {
    // Write code here that turns the phrase above into concrete actions
    throw new io.cucumber.java.PendingException();
}
@Then(&quot;verify chosen selection appears in the Title field&quot;)
public void verify_chosen_selection_appears_in_the_title_field() {
    // Write code here that turns the phrase above into concrete actions
    throw new io.cucumber.java.PendingException();
}
" type="io.cucumber.junit.UndefinedStepException">io.cucumber.junit.UndefinedStepException: The step &apos;user is on the Registration page&apos; and 4 other step(s) are undefined.
You can implement these steps using the snippet(s) below:

@Given(&quot;user is on the Registration page&quot;)
public void user_is_on_the_registration_page() {
    // Write code here that turns the phrase above into concrete actions
    throw new io.cucumber.java.PendingException();
}
@When(&quot;user click on Title field&quot;)
public void user_click_on_title_field() {
    // Write code here that turns the phrase above into concrete actions
    throw new io.cucumber.java.PendingException();
}
@Then(&quot;verify user can see the drop-down window with title options&quot;)
public void verify_user_can_see_the_drop_down_window_with_title_options() {
    // Write code here that turns the phrase above into concrete actions
    throw new io.cucumber.java.PendingException();
}
@When(&quot;user clicks on proper selection&quot;)
public void user_clicks_on_proper_selection() {
    // Write code here that turns the phrase above into concrete actions
    throw new io.cucumber.java.PendingException();
}
@Then(&quot;verify chosen selection appears in the Title field&quot;)
public void verify_chosen_selection_appears_in_the_title_field() {
    // Write code here that turns the phrase above into concrete actions
    throw new io.cucumber.java.PendingException();
}

</error>
    <system-out>Before starting method
After the method
</system-out>
  </testcase>
  <testcase classname="This feature will allow user to successfully create an account" name="Verify user can enter first name" time="0.006">
    <error message="The step &apos;user clicks on First Name field&apos; and 2 other step(s) are undefined.
You can implement these steps using the snippet(s) below:

@Given(&quot;user clicks on First Name field&quot;)
public void user_clicks_on_first_name_field() {
    // Write code here that turns the phrase above into concrete actions
    throw new io.cucumber.java.PendingException();
}
@When(&quot;user types in first name&quot;)
public void user_types_in_first_name() {
    // Write code here that turns the phrase above into concrete actions
    throw new io.cucumber.java.PendingException();
}
@Then(&quot;verify first name is displayed in the First Name field&quot;)
public void verify_first_name_is_displayed_in_the_first_name_field() {
    // Write code here that turns the phrase above into concrete actions
    throw new io.cucumber.java.PendingException();
}
" type="io.cucumber.junit.UndefinedStepException">io.cucumber.junit.UndefinedStepException: The step &apos;user clicks on First Name field&apos; and 2 other step(s) are undefined.
You can implement these steps using the snippet(s) below:

@Given(&quot;user clicks on First Name field&quot;)
public void user_clicks_on_first_name_field() {
    // Write code here that turns the phrase above into concrete actions
    throw new io.cucumber.java.PendingException();
}
@When(&quot;user types in first name&quot;)
public void user_types_in_first_name() {
    // Write code here that turns the phrase above into concrete actions
    throw new io.cucumber.java.PendingException();
}
@Then(&quot;verify first name is displayed in the First Name field&quot;)
public void verify_first_name_is_displayed_in_the_first_name_field() {
    // Write code here that turns the phrase above into concrete actions
    throw new io.cucumber.java.PendingException();
}

</error>
    <system-out>Before starting method
After the method
</system-out>
  </testcase>
  <testcase classname="This feature will allow user to successfully create an account" name="Verify user can enter last name" time="0.005">
    <error message="The step &apos;user clicks on Last Name field&apos; and 2 other step(s) are undefined.
You can implement these steps using the snippet(s) below:

@Given(&quot;user clicks on Last Name field&quot;)
public void user_clicks_on_last_name_field() {
    // Write code here that turns the phrase above into concrete actions
    throw new io.cucumber.java.PendingException();
}
@When(&quot;user types in last name&quot;)
public void user_types_in_last_name() {
    // Write code here that turns the phrase above into concrete actions
    throw new io.cucumber.java.PendingException();
}
@Then(&quot;verify last name is displayed in the First Name field&quot;)
public void verify_last_name_is_displayed_in_the_first_name_field() {
    // Write code here that turns the phrase above into concrete actions
    throw new io.cucumber.java.PendingException();
}
" type="io.cucumber.junit.UndefinedStepException">io.cucumber.junit.UndefinedStepException: The step &apos;user clicks on Last Name field&apos; and 2 other step(s) are undefined.
You can implement these steps using the snippet(s) below:

@Given(&quot;user clicks on Last Name field&quot;)
public void user_clicks_on_last_name_field() {
    // Write code here that turns the phrase above into concrete actions
    throw new io.cucumber.java.PendingException();
}
@When(&quot;user types in last name&quot;)
public void user_types_in_last_name() {
    // Write code here that turns the phrase above into concrete actions
    throw new io.cucumber.java.PendingException();
}
@Then(&quot;verify last name is displayed in the First Name field&quot;)
public void verify_last_name_is_displayed_in_the_first_name_field() {
    // Write code here that turns the phrase above into concrete actions
    throw new io.cucumber.java.PendingException();
}

</error>
    <system-out>Before starting method
After the method
</system-out>
  </testcase>
  <testcase classname="This feature will allow user to successfully create an account" name="Verify user can select gender" time="0.004">
    <error message="The step &apos;user clicks on proper radio button&apos; and 3 other step(s) are undefined.
You can implement these steps using the snippet(s) below:

@When(&quot;user clicks on proper radio button&quot;)
public void user_clicks_on_proper_radio_button() {
    // Write code here that turns the phrase above into concrete actions
    throw new io.cucumber.java.PendingException();
}
@Then(&quot;verify first name is displayed in the First Name field&quot;)
public void verify_first_name_is_displayed_in_the_first_name_field() {
    // Write code here that turns the phrase above into concrete actions
    throw new io.cucumber.java.PendingException();
}
@Given(&quot;one radio button is active&quot;)
public void one_radio_button_is_active() {
    // Write code here that turns the phrase above into concrete actions
    throw new io.cucumber.java.PendingException();
}
@Then(&quot;second radio button is not active&quot;)
public void second_radio_button_is_not_active() {
    // Write code here that turns the phrase above into concrete actions
    throw new io.cucumber.java.PendingException();
}
" type="io.cucumber.junit.UndefinedStepException">io.cucumber.junit.UndefinedStepException: The step &apos;user clicks on proper radio button&apos; and 3 other step(s) are undefined.
You can implement these steps using the snippet(s) below:

@When(&quot;user clicks on proper radio button&quot;)
public void user_clicks_on_proper_radio_button() {
    // Write code here that turns the phrase above into concrete actions
    throw new io.cucumber.java.PendingException();
}
@Then(&quot;verify first name is displayed in the First Name field&quot;)
public void verify_first_name_is_displayed_in_the_first_name_field() {
    // Write code here that turns the phrase above into concrete actions
    throw new io.cucumber.java.PendingException();
}
@Given(&quot;one radio button is active&quot;)
public void one_radio_button_is_active() {
    // Write code here that turns the phrase above into concrete actions
    throw new io.cucumber.java.PendingException();
}
@Then(&quot;second radio button is not active&quot;)
public void second_radio_button_is_not_active() {
    // Write code here that turns the phrase above into concrete actions
    throw new io.cucumber.java.PendingException();
}

</error>
    <system-out>Before starting method
After the method
</system-out>
  </testcase>
  <testcase classname="This feature will allow user to successfully create an account" name="Verify user can enter correct date of birth #1" time="0.009">
    <error message="The step &apos;user clicks on DOB field&apos; and 2 other step(s) are undefined.
You can implement these steps using the snippet(s) below:

@Given(&quot;user clicks on DOB field&quot;)
public void user_clicks_on_dob_field() {
    // Write code here that turns the phrase above into concrete actions
    throw new io.cucumber.java.PendingException();
}
@When(&quot;user types correct {string}, {string}, {string} format&quot;)
public void user_types_correct_format(String string, String string2, String string3) {
    // Write code here that turns the phrase above into concrete actions
    throw new io.cucumber.java.PendingException();
}
@Then(&quot;verify DOB is displayed in the First Name field&quot;)
public void verify_dob_is_displayed_in_the_first_name_field() {
    // Write code here that turns the phrase above into concrete actions
    throw new io.cucumber.java.PendingException();
}
" type="io.cucumber.junit.UndefinedStepException">io.cucumber.junit.UndefinedStepException: The step &apos;user clicks on DOB field&apos; and 2 other step(s) are undefined.
You can implement these steps using the snippet(s) below:

@Given(&quot;user clicks on DOB field&quot;)
public void user_clicks_on_dob_field() {
    // Write code here that turns the phrase above into concrete actions
    throw new io.cucumber.java.PendingException();
}
@When(&quot;user types correct {string}, {string}, {string} format&quot;)
public void user_types_correct_format(String string, String string2, String string3) {
    // Write code here that turns the phrase above into concrete actions
    throw new io.cucumber.java.PendingException();
}
@Then(&quot;verify DOB is displayed in the First Name field&quot;)
public void verify_dob_is_displayed_in_the_first_name_field() {
    // Write code here that turns the phrase above into concrete actions
    throw new io.cucumber.java.PendingException();
}

</error>
    <system-out>Before starting method
After the method
</system-out>
  </testcase>
  <testcase classname="This feature will allow user to successfully create an account" name="Verify user can enter correct date of birth #2" time="0.009">
    <error message="The step &apos;user clicks on DOB field&apos; and 2 other step(s) are undefined.
You can implement these steps using the snippet(s) below:

@Given(&quot;user clicks on DOB field&quot;)
public void user_clicks_on_dob_field() {
    // Write code here that turns the phrase above into concrete actions
    throw new io.cucumber.java.PendingException();
}
@When(&quot;user types correct {string}, {string}, {string} format&quot;)
public void user_types_correct_format(String string, String string2, String string3) {
    // Write code here that turns the phrase above into concrete actions
    throw new io.cucumber.java.PendingException();
}
@Then(&quot;verify DOB is displayed in the First Name field&quot;)
public void verify_dob_is_displayed_in_the_first_name_field() {
    // Write code here that turns the phrase above into concrete actions
    throw new io.cucumber.java.PendingException();
}
" type="io.cucumber.junit.UndefinedStepException">io.cucumber.junit.UndefinedStepException: The step &apos;user clicks on DOB field&apos; and 2 other step(s) are undefined.
You can implement these steps using the snippet(s) below:

@Given(&quot;user clicks on DOB field&quot;)
public void user_clicks_on_dob_field() {
    // Write code here that turns the phrase above into concrete actions
    throw new io.cucumber.java.PendingException();
}
@When(&quot;user types correct {string}, {string}, {string} format&quot;)
public void user_types_correct_format(String string, String string2, String string3) {
    // Write code here that turns the phrase above into concrete actions
    throw new io.cucumber.java.PendingException();
}
@Then(&quot;verify DOB is displayed in the First Name field&quot;)
public void verify_dob_is_displayed_in_the_first_name_field() {
    // Write code here that turns the phrase above into concrete actions
    throw new io.cucumber.java.PendingException();
}

</error>
    <system-out>Before starting method
After the method
</system-out>
  </testcase>
  <testcase classname="This feature will allow user to successfully create an account" name="Verify user can enter correct date of birth #3" time="0.009">
    <error message="The step &apos;user clicks on DOB field&apos; and 2 other step(s) are undefined.
You can implement these steps using the snippet(s) below:

@Given(&quot;user clicks on DOB field&quot;)
public void user_clicks_on_dob_field() {
    // Write code here that turns the phrase above into concrete actions
    throw new io.cucumber.java.PendingException();
}
@When(&quot;user types correct {string}, {string}, {string} format&quot;)
public void user_types_correct_format(String string, String string2, String string3) {
    // Write code here that turns the phrase above into concrete actions
    throw new io.cucumber.java.PendingException();
}
@Then(&quot;verify DOB is displayed in the First Name field&quot;)
public void verify_dob_is_displayed_in_the_first_name_field() {
    // Write code here that turns the phrase above into concrete actions
    throw new io.cucumber.java.PendingException();
}
" type="io.cucumber.junit.UndefinedStepException">io.cucumber.junit.UndefinedStepException: The step &apos;user clicks on DOB field&apos; and 2 other step(s) are undefined.
You can implement these steps using the snippet(s) below:

@Given(&quot;user clicks on DOB field&quot;)
public void user_clicks_on_dob_field() {
    // Write code here that turns the phrase above into concrete actions
    throw new io.cucumber.java.PendingException();
}
@When(&quot;user types correct {string}, {string}, {string} format&quot;)
public void user_types_correct_format(String string, String string2, String string3) {
    // Write code here that turns the phrase above into concrete actions
    throw new io.cucumber.java.PendingException();
}
@Then(&quot;verify DOB is displayed in the First Name field&quot;)
public void verify_dob_is_displayed_in_the_first_name_field() {
    // Write code here that turns the phrase above into concrete actions
    throw new io.cucumber.java.PendingException();
}

</error>
    <system-out>Before starting method
After the method
</system-out>
  </testcase>
  <testcase classname="This feature will allow user to successfully create an account" name="Verify user can enter correct date of birth #4" time="0.009">
    <error message="The step &apos;user clicks on DOB field&apos; and 2 other step(s) are undefined.
You can implement these steps using the snippet(s) below:

@Given(&quot;user clicks on DOB field&quot;)
public void user_clicks_on_dob_field() {
    // Write code here that turns the phrase above into concrete actions
    throw new io.cucumber.java.PendingException();
}
@When(&quot;user types incorrect {string}, {string}, {string} format&quot;)
public void user_types_incorrect_format(String string, String string2, String string3) {
    // Write code here that turns the phrase above into concrete actions
    throw new io.cucumber.java.PendingException();
}
@Then(&quot;verify user gets an error message {string}&quot;)
public void verify_user_gets_an_error_message(String string) {
    // Write code here that turns the phrase above into concrete actions
    throw new io.cucumber.java.PendingException();
}
" type="io.cucumber.junit.UndefinedStepException">io.cucumber.junit.UndefinedStepException: The step &apos;user clicks on DOB field&apos; and 2 other step(s) are undefined.
You can implement these steps using the snippet(s) below:

@Given(&quot;user clicks on DOB field&quot;)
public void user_clicks_on_dob_field() {
    // Write code here that turns the phrase above into concrete actions
    throw new io.cucumber.java.PendingException();
}
@When(&quot;user types incorrect {string}, {string}, {string} format&quot;)
public void user_types_incorrect_format(String string, String string2, String string3) {
    // Write code here that turns the phrase above into concrete actions
    throw new io.cucumber.java.PendingException();
}
@Then(&quot;verify user gets an error message {string}&quot;)
public void verify_user_gets_an_error_message(String string) {
    // Write code here that turns the phrase above into concrete actions
    throw new io.cucumber.java.PendingException();
}

</error>
    <system-out>Before starting method
After the method
</system-out>
  </testcase>
  <testcase classname="This feature will allow user to successfully create an account" name="Verify user can enter correct date of birth #5" time="0.011">
    <error message="The step &apos;user clicks on DOB field&apos; and 2 other step(s) are undefined.
You can implement these steps using the snippet(s) below:

@Given(&quot;user clicks on DOB field&quot;)
public void user_clicks_on_dob_field() {
    // Write code here that turns the phrase above into concrete actions
    throw new io.cucumber.java.PendingException();
}
@When(&quot;user types incorrect {string}, {string}, {string} format&quot;)
public void user_types_incorrect_format(String string, String string2, String string3) {
    // Write code here that turns the phrase above into concrete actions
    throw new io.cucumber.java.PendingException();
}
@Then(&quot;verify user gets an error message {string}&quot;)
public void verify_user_gets_an_error_message(String string) {
    // Write code here that turns the phrase above into concrete actions
    throw new io.cucumber.java.PendingException();
}
" type="io.cucumber.junit.UndefinedStepException">io.cucumber.junit.UndefinedStepException: The step &apos;user clicks on DOB field&apos; and 2 other step(s) are undefined.
You can implement these steps using the snippet(s) below:

@Given(&quot;user clicks on DOB field&quot;)
public void user_clicks_on_dob_field() {
    // Write code here that turns the phrase above into concrete actions
    throw new io.cucumber.java.PendingException();
}
@When(&quot;user types incorrect {string}, {string}, {string} format&quot;)
public void user_types_incorrect_format(String string, String string2, String string3) {
    // Write code here that turns the phrase above into concrete actions
    throw new io.cucumber.java.PendingException();
}
@Then(&quot;verify user gets an error message {string}&quot;)
public void verify_user_gets_an_error_message(String string) {
    // Write code here that turns the phrase above into concrete actions
    throw new io.cucumber.java.PendingException();
}

</error>
    <system-out>Before starting method
After the method
</system-out>
  </testcase>
  <testcase classname="This feature will allow user to successfully create an account" name="Verify user can enter correct date of birth #6" time="0.005">
    <error message="The step &apos;user clicks on DOB field&apos; and 2 other step(s) are undefined.
You can implement these steps using the snippet(s) below:

@Given(&quot;user clicks on DOB field&quot;)
public void user_clicks_on_dob_field() {
    // Write code here that turns the phrase above into concrete actions
    throw new io.cucumber.java.PendingException();
}
@When(&quot;user types incorrect {string}, {string}, {string} format&quot;)
public void user_types_incorrect_format(String string, String string2, String string3) {
    // Write code here that turns the phrase above into concrete actions
    throw new io.cucumber.java.PendingException();
}
@Then(&quot;verify user gets an error message {string}&quot;)
public void verify_user_gets_an_error_message(String string) {
    // Write code here that turns the phrase above into concrete actions
    throw new io.cucumber.java.PendingException();
}
" type="io.cucumber.junit.UndefinedStepException">io.cucumber.junit.UndefinedStepException: The step &apos;user clicks on DOB field&apos; and 2 other step(s) are undefined.
You can implement these steps using the snippet(s) below:

@Given(&quot;user clicks on DOB field&quot;)
public void user_clicks_on_dob_field() {
    // Write code here that turns the phrase above into concrete actions
    throw new io.cucumber.java.PendingException();
}
@When(&quot;user types incorrect {string}, {string}, {string} format&quot;)
public void user_types_incorrect_format(String string, String string2, String string3) {
    // Write code here that turns the phrase above into concrete actions
    throw new io.cucumber.java.PendingException();
}
@Then(&quot;verify user gets an error message {string}&quot;)
public void verify_user_gets_an_error_message(String string) {
    // Write code here that turns the phrase above into concrete actions
    throw new io.cucumber.java.PendingException();
}

</error>
    <system-out>Before starting method
After the method
</system-out>
  </testcase>
  <testcase classname="This feature will allow user to successfully create an account" name="Verify user is able to enter correct SSN #1" time="0.005">
    <error message="The step &apos;user clicks on SSN field&apos; and 2 other step(s) are undefined.
You can implement these steps using the snippet(s) below:

@Given(&quot;user clicks on SSN field&quot;)
public void user_clicks_on_ssn_field() {
    // Write code here that turns the phrase above into concrete actions
    throw new io.cucumber.java.PendingException();
}
@When(&quot;user types in correct {string} format&quot;)
public void user_types_in_correct_format(String string) {
    // Write code here that turns the phrase above into concrete actions
    throw new io.cucumber.java.PendingException();
}
@Then(&quot;SSN is displayed in the SSN field&quot;)
public void ssn_is_displayed_in_the_ssn_field() {
    // Write code here that turns the phrase above into concrete actions
    throw new io.cucumber.java.PendingException();
}
" type="io.cucumber.junit.UndefinedStepException">io.cucumber.junit.UndefinedStepException: The step &apos;user clicks on SSN field&apos; and 2 other step(s) are undefined.
You can implement these steps using the snippet(s) below:

@Given(&quot;user clicks on SSN field&quot;)
public void user_clicks_on_ssn_field() {
    // Write code here that turns the phrase above into concrete actions
    throw new io.cucumber.java.PendingException();
}
@When(&quot;user types in correct {string} format&quot;)
public void user_types_in_correct_format(String string) {
    // Write code here that turns the phrase above into concrete actions
    throw new io.cucumber.java.PendingException();
}
@Then(&quot;SSN is displayed in the SSN field&quot;)
public void ssn_is_displayed_in_the_ssn_field() {
    // Write code here that turns the phrase above into concrete actions
    throw new io.cucumber.java.PendingException();
}

</error>
    <system-out>Before starting method
After the method
</system-out>
  </testcase>
  <testcase classname="This feature will allow user to successfully create an account" name="Verify user is able to enter correct SSN #2" time="0.006">
    <error message="The step &apos;user clicks on SSN field&apos; and 2 other step(s) are undefined.
You can implement these steps using the snippet(s) below:

@Given(&quot;user clicks on SSN field&quot;)
public void user_clicks_on_ssn_field() {
    // Write code here that turns the phrase above into concrete actions
    throw new io.cucumber.java.PendingException();
}
@When(&quot;user types in correct {string} format&quot;)
public void user_types_in_correct_format(String string) {
    // Write code here that turns the phrase above into concrete actions
    throw new io.cucumber.java.PendingException();
}
@Then(&quot;SSN is displayed in the SSN field&quot;)
public void ssn_is_displayed_in_the_ssn_field() {
    // Write code here that turns the phrase above into concrete actions
    throw new io.cucumber.java.PendingException();
}
" type="io.cucumber.junit.UndefinedStepException">io.cucumber.junit.UndefinedStepException: The step &apos;user clicks on SSN field&apos; and 2 other step(s) are undefined.
You can implement these steps using the snippet(s) below:

@Given(&quot;user clicks on SSN field&quot;)
public void user_clicks_on_ssn_field() {
    // Write code here that turns the phrase above into concrete actions
    throw new io.cucumber.java.PendingException();
}
@When(&quot;user types in correct {string} format&quot;)
public void user_types_in_correct_format(String string) {
    // Write code here that turns the phrase above into concrete actions
    throw new io.cucumber.java.PendingException();
}
@Then(&quot;SSN is displayed in the SSN field&quot;)
public void ssn_is_displayed_in_the_ssn_field() {
    // Write code here that turns the phrase above into concrete actions
    throw new io.cucumber.java.PendingException();
}

</error>
    <system-out>Before starting method
After the method
</system-out>
  </testcase>
  <testcase classname="This feature will allow user to successfully create an account" name="Verify user is able to enter correct SSN #3" time="0.005">
    <error message="The step &apos;user clicks on SSN field&apos; and 2 other step(s) are undefined.
You can implement these steps using the snippet(s) below:

@Given(&quot;user clicks on SSN field&quot;)
public void user_clicks_on_ssn_field() {
    // Write code here that turns the phrase above into concrete actions
    throw new io.cucumber.java.PendingException();
}
@When(&quot;user types in correct {string} format&quot;)
public void user_types_in_correct_format(String string) {
    // Write code here that turns the phrase above into concrete actions
    throw new io.cucumber.java.PendingException();
}
@Then(&quot;SSN is displayed in the SSN field&quot;)
public void ssn_is_displayed_in_the_ssn_field() {
    // Write code here that turns the phrase above into concrete actions
    throw new io.cucumber.java.PendingException();
}
" type="io.cucumber.junit.UndefinedStepException">io.cucumber.junit.UndefinedStepException: The step &apos;user clicks on SSN field&apos; and 2 other step(s) are undefined.
You can implement these steps using the snippet(s) below:

@Given(&quot;user clicks on SSN field&quot;)
public void user_clicks_on_ssn_field() {
    // Write code here that turns the phrase above into concrete actions
    throw new io.cucumber.java.PendingException();
}
@When(&quot;user types in correct {string} format&quot;)
public void user_types_in_correct_format(String string) {
    // Write code here that turns the phrase above into concrete actions
    throw new io.cucumber.java.PendingException();
}
@Then(&quot;SSN is displayed in the SSN field&quot;)
public void ssn_is_displayed_in_the_ssn_field() {
    // Write code here that turns the phrase above into concrete actions
    throw new io.cucumber.java.PendingException();
}

</error>
    <system-out>Before starting method
After the method
</system-out>
  </testcase>
  <testcase classname="This feature will allow user to successfully create an account" name="Verify user is not able to enter incorrect SSN #1" time="0.008">
    <error message="The step &apos;user clicks on SSN field&apos; and 2 other step(s) are undefined.
You can implement these steps using the snippet(s) below:

@Given(&quot;user clicks on SSN field&quot;)
public void user_clicks_on_ssn_field() {
    // Write code here that turns the phrase above into concrete actions
    throw new io.cucumber.java.PendingException();
}
@When(&quot;user types incorrect {string} format&quot;)
public void user_types_incorrect_format(String string) {
    // Write code here that turns the phrase above into concrete actions
    throw new io.cucumber.java.PendingException();
}
@Then(&quot;error message is displayed prompting to enter correct format SSN&quot;)
public void error_message_is_displayed_prompting_to_enter_correct_format_ssn() {
    // Write code here that turns the phrase above into concrete actions
    throw new io.cucumber.java.PendingException();
}
" type="io.cucumber.junit.UndefinedStepException">io.cucumber.junit.UndefinedStepException: The step &apos;user clicks on SSN field&apos; and 2 other step(s) are undefined.
You can implement these steps using the snippet(s) below:

@Given(&quot;user clicks on SSN field&quot;)
public void user_clicks_on_ssn_field() {
    // Write code here that turns the phrase above into concrete actions
    throw new io.cucumber.java.PendingException();
}
@When(&quot;user types incorrect {string} format&quot;)
public void user_types_incorrect_format(String string) {
    // Write code here that turns the phrase above into concrete actions
    throw new io.cucumber.java.PendingException();
}
@Then(&quot;error message is displayed prompting to enter correct format SSN&quot;)
public void error_message_is_displayed_prompting_to_enter_correct_format_ssn() {
    // Write code here that turns the phrase above into concrete actions
    throw new io.cucumber.java.PendingException();
}

</error>
    <system-out>Before starting method
After the method
</system-out>
  </testcase>
  <testcase classname="This feature will allow user to successfully create an account" name="Verify user is not able to enter incorrect SSN #2" time="0.006">
    <error message="The step &apos;user clicks on SSN field&apos; and 2 other step(s) are undefined.
You can implement these steps using the snippet(s) below:

@Given(&quot;user clicks on SSN field&quot;)
public void user_clicks_on_ssn_field() {
    // Write code here that turns the phrase above into concrete actions
    throw new io.cucumber.java.PendingException();
}
@When(&quot;user types incorrect {string} format&quot;)
public void user_types_incorrect_format(String string) {
    // Write code here that turns the phrase above into concrete actions
    throw new io.cucumber.java.PendingException();
}
@Then(&quot;error message is displayed prompting to enter correct format SSN&quot;)
public void error_message_is_displayed_prompting_to_enter_correct_format_ssn() {
    // Write code here that turns the phrase above into concrete actions
    throw new io.cucumber.java.PendingException();
}
" type="io.cucumber.junit.UndefinedStepException">io.cucumber.junit.UndefinedStepException: The step &apos;user clicks on SSN field&apos; and 2 other step(s) are undefined.
You can implement these steps using the snippet(s) below:

@Given(&quot;user clicks on SSN field&quot;)
public void user_clicks_on_ssn_field() {
    // Write code here that turns the phrase above into concrete actions
    throw new io.cucumber.java.PendingException();
}
@When(&quot;user types incorrect {string} format&quot;)
public void user_types_incorrect_format(String string) {
    // Write code here that turns the phrase above into concrete actions
    throw new io.cucumber.java.PendingException();
}
@Then(&quot;error message is displayed prompting to enter correct format SSN&quot;)
public void error_message_is_displayed_prompting_to_enter_correct_format_ssn() {
    // Write code here that turns the phrase above into concrete actions
    throw new io.cucumber.java.PendingException();
}

</error>
    <system-out>Before starting method
After the method
</system-out>
  </testcase>
  <testcase classname="This feature will allow user to successfully create an account" name="Verify user is not able to enter incorrect SSN #3" time="0.004">
    <error message="The step &apos;user clicks on SSN field&apos; and 2 other step(s) are undefined.
You can implement these steps using the snippet(s) below:

@Given(&quot;user clicks on SSN field&quot;)
public void user_clicks_on_ssn_field() {
    // Write code here that turns the phrase above into concrete actions
    throw new io.cucumber.java.PendingException();
}
@When(&quot;user types incorrect {string} format&quot;)
public void user_types_incorrect_format(String string) {
    // Write code here that turns the phrase above into concrete actions
    throw new io.cucumber.java.PendingException();
}
@Then(&quot;error message is displayed prompting to enter correct format SSN&quot;)
public void error_message_is_displayed_prompting_to_enter_correct_format_ssn() {
    // Write code here that turns the phrase above into concrete actions
    throw new io.cucumber.java.PendingException();
}
" type="io.cucumber.junit.UndefinedStepException">io.cucumber.junit.UndefinedStepException: The step &apos;user clicks on SSN field&apos; and 2 other step(s) are undefined.
You can implement these steps using the snippet(s) below:

@Given(&quot;user clicks on SSN field&quot;)
public void user_clicks_on_ssn_field() {
    // Write code here that turns the phrase above into concrete actions
    throw new io.cucumber.java.PendingException();
}
@When(&quot;user types incorrect {string} format&quot;)
public void user_types_incorrect_format(String string) {
    // Write code here that turns the phrase above into concrete actions
    throw new io.cucumber.java.PendingException();
}
@Then(&quot;error message is displayed prompting to enter correct format SSN&quot;)
public void error_message_is_displayed_prompting_to_enter_correct_format_ssn() {
    // Write code here that turns the phrase above into concrete actions
    throw new io.cucumber.java.PendingException();
}

</error>
    <system-out>Before starting method
After the method
</system-out>
  </testcase>
  <testcase classname="This feature will allow user to successfully create an account" name="Verify user is not able to enter incorrect SSN #4" time="0.005">
    <error message="The step &apos;user clicks on SSN field&apos; and 2 other step(s) are undefined.
You can implement these steps using the snippet(s) below:

@Given(&quot;user clicks on SSN field&quot;)
public void user_clicks_on_ssn_field() {
    // Write code here that turns the phrase above into concrete actions
    throw new io.cucumber.java.PendingException();
}
@When(&quot;user types incorrect {string} format&quot;)
public void user_types_incorrect_format(String string) {
    // Write code here that turns the phrase above into concrete actions
    throw new io.cucumber.java.PendingException();
}
@Then(&quot;error message is displayed prompting to enter correct format SSN&quot;)
public void error_message_is_displayed_prompting_to_enter_correct_format_ssn() {
    // Write code here that turns the phrase above into concrete actions
    throw new io.cucumber.java.PendingException();
}
" type="io.cucumber.junit.UndefinedStepException">io.cucumber.junit.UndefinedStepException: The step &apos;user clicks on SSN field&apos; and 2 other step(s) are undefined.
You can implement these steps using the snippet(s) below:

@Given(&quot;user clicks on SSN field&quot;)
public void user_clicks_on_ssn_field() {
    // Write code here that turns the phrase above into concrete actions
    throw new io.cucumber.java.PendingException();
}
@When(&quot;user types incorrect {string} format&quot;)
public void user_types_incorrect_format(String string) {
    // Write code here that turns the phrase above into concrete actions
    throw new io.cucumber.java.PendingException();
}
@Then(&quot;error message is displayed prompting to enter correct format SSN&quot;)
public void error_message_is_displayed_prompting_to_enter_correct_format_ssn() {
    // Write code here that turns the phrase above into concrete actions
    throw new io.cucumber.java.PendingException();
}

</error>
    <system-out>Before starting method
After the method
</system-out>
  </testcase>
  <testcase classname="This feature will allow user to successfully create an account" name="Verify user is not able to enter incorrect SSN #5" time="0.004">
    <error message="The step &apos;user clicks on SSN field&apos; and 2 other step(s) are undefined.
You can implement these steps using the snippet(s) below:

@Given(&quot;user clicks on SSN field&quot;)
public void user_clicks_on_ssn_field() {
    // Write code here that turns the phrase above into concrete actions
    throw new io.cucumber.java.PendingException();
}
@When(&quot;user types incorrect {string} format&quot;)
public void user_types_incorrect_format(String string) {
    // Write code here that turns the phrase above into concrete actions
    throw new io.cucumber.java.PendingException();
}
@Then(&quot;error message is displayed prompting to enter correct format SSN&quot;)
public void error_message_is_displayed_prompting_to_enter_correct_format_ssn() {
    // Write code here that turns the phrase above into concrete actions
    throw new io.cucumber.java.PendingException();
}
" type="io.cucumber.junit.UndefinedStepException">io.cucumber.junit.UndefinedStepException: The step &apos;user clicks on SSN field&apos; and 2 other step(s) are undefined.
You can implement these steps using the snippet(s) below:

@Given(&quot;user clicks on SSN field&quot;)
public void user_clicks_on_ssn_field() {
    // Write code here that turns the phrase above into concrete actions
    throw new io.cucumber.java.PendingException();
}
@When(&quot;user types incorrect {string} format&quot;)
public void user_types_incorrect_format(String string) {
    // Write code here that turns the phrase above into concrete actions
    throw new io.cucumber.java.PendingException();
}
@Then(&quot;error message is displayed prompting to enter correct format SSN&quot;)
public void error_message_is_displayed_prompting_to_enter_correct_format_ssn() {
    // Write code here that turns the phrase above into concrete actions
    throw new io.cucumber.java.PendingException();
}

</error>
    <system-out>Before starting method
After the method
</system-out>
  </testcase>
</testsuite>